<?xml version="1.0" encoding="UTF-8"?>
<testsuite xmlns:xsi="http://www.w3.org/2001/XMLSchema-instance" xsi:noNamespaceSchemaLocation="https://maven.apache.org/surefire/maven-surefire-plugin/xsd/surefire-test-report-3.0.xsd" version="3.0" name="com.yoyuzh.architecture.BackendNextArchitectureRulesTest" time="1.743" tests="4" errors="0" skipped="0" failures="0">
  <properties>
[...]
</properties>
  <testcase name="apiPackagesMustNotDependOnInternalPackages" classname="com.yoyuzh.architecture.BackendNextArchitectureRulesTest" time="0.151"/>
  <testcase name="domainPackagesMustNotDependOnOuterImplementationLayers" classname="com.yoyuzh.architecture.BackendNextArchitectureRulesTest" time="0.003"/>
  <testcase name="internalPackagesMustNotBeAccessedAcrossModuleBoundaries" classname="com.yoyuzh.architecture.BackendNextArchitectureRulesTest" time="0.01"/>
  <testcase name="webPackagesMustNotDependOnDomainOrInfraPackages" classname="com.yoyuzh.architecture.BackendNextArchitectureRulesTest" time="0.002"/>
</testsuite>